Telegram\Bot\Objects\Message Object
(
    [items:protected] => Array
        (
            [message_id] => 326
            [from] => Array
                (
                    [id] => 221436723
                    [is_bot] => 
                    [first_name] => Kage
                    [last_name] => Stonedragon
                    [username] => kagestonedragon
                    [language_code] => en
                )

            [chat] => Array
                (
                    [id] => 221436723
                    [first_name] => Kage
                    [last_name] => Stonedragon
                    [username] => kagestonedragon
                    [type] => private
                )

            [date] => 1597513071
            [text] => /spend 63 привет
            [entities] => Array
                (
                    [0] => Array
                        (
                            [offset] => 0
                            [length] => 6
                            [type] => bot_command
                        )

                )

        )

)
